<?xml version="1.0" encoding="UTF-8"?>
<testsuite xmlns:xsi="http://www.w3.org/2001/XMLSchema-instance" xsi:noNamespaceSchemaLocation="https://maven.apache.org/surefire/maven-surefire-plugin/xsd/surefire-test-report.xsd" name="pl.tau.BoardGame.DaoTests.FigureDaoImplTest" time="1.024" tests="11" errors="0" skipped="0" failures="0">
  <properties>
    <property name="sun.desktop" value="windows"/>
    <property name="awt.toolkit" value="sun.awt.windows.WToolkit"/>
    <property name="file.encoding.pkg" value="sun.io"/>
    <property name="java.specification.version" value="1.8"/>
    <property name="sun.cpu.isalist" value="amd64"/>
    <property name="sun.jnu.encoding" value="Cp1252"/>
    <property name="java.class.path" value="D:\TAU\TAU-\lab04BoardGame\labthree\target\test-classes;D:\TAU\TAU-\lab04BoardGame\labthree\target\classes;C:\Users\AleksanderKozyra\.m2\repository\junit\junit\4.9\junit-4.9.jar;C:\Users\AleksanderKozyra\.m2\repository\org\hamcrest\hamcrest-core\1.1\hamcrest-core-1.1.jar;C:\Users\AleksanderKozyra\.m2\repository\org\mockito\mockito-core\2.15.0\mockito-core-2.15.0.jar;C:\Users\AleksanderKozyra\.m2\repository\net\bytebuddy\byte-buddy\1.7.9\byte-buddy-1.7.9.jar;C:\Users\AleksanderKozyra\.m2\repository\net\bytebuddy\byte-buddy-agent\1.7.9\byte-buddy-agent-1.7.9.jar;C:\Users\AleksanderKozyra\.m2\repository\org\objenesis\objenesis\2.6\objenesis-2.6.jar;"/>
    <property name="java.vm.vendor" value="Oracle Corporation"/>
    <property name="sun.arch.data.model" value="64"/>
    <property name="user.variant" value=""/>
    <property name="java.vendor.url" value="http://java.oracle.com/"/>
    <property name="user.timezone" value="Europe/Belgrade"/>
    <property name="java.vm.specification.version" value="1.8"/>
    <property name="os.name" value="Windows 10"/>
    <property name="user.country" value="US"/>
    <property name="sun.java.launcher" value="SUN_STANDARD"/>
    <property name="sun.boot.library.path" value="C:\Program Files\Java\jdk1.8.0_202\jre\bin"/>
    <property name="sun.java.command" value="C:\Users\ALEKSA~1\AppData\Local\Temp\surefire6834892479050071020\surefirebooter76517906359659416.jar C:\Users\AleksanderKozyra\AppData\Local\Temp\surefire6834892479050071020 2019-04-30T09-39-01_820-jvmRun1 surefire7869640000770129624tmp surefire_01594103858503640049tmp"/>
    <property name="surefire.test.class.path" value="D:\TAU\TAU-\lab04BoardGame\labthree\target\test-classes;D:\TAU\TAU-\lab04BoardGame\labthree\target\classes;C:\Users\AleksanderKozyra\.m2\repository\junit\junit\4.9\junit-4.9.jar;C:\Users\AleksanderKozyra\.m2\repository\org\hamcrest\hamcrest-core\1.1\hamcrest-core-1.1.jar;C:\Users\AleksanderKozyra\.m2\repository\org\mockito\mockito-core\2.15.0\mockito-core-2.15.0.jar;C:\Users\AleksanderKozyra\.m2\repository\net\bytebuddy\byte-buddy\1.7.9\byte-buddy-1.7.9.jar;C:\Users\AleksanderKozyra\.m2\repository\net\bytebuddy\byte-buddy-agent\1.7.9\byte-buddy-agent-1.7.9.jar;C:\Users\AleksanderKozyra\.m2\repository\org\objenesis\objenesis\2.6\objenesis-2.6.jar;"/>
    <property name="sun.cpu.endian" value="little"/>
    <property name="user.home" value="C:\Users\AleksanderKozyra"/>
    <property name="user.language" value="en"/>
    <property name="java.specification.vendor" value="Oracle Corporation"/>
    <property name="java.home" value="C:\Program Files\Java\jdk1.8.0_202\jre"/>
    <property name="basedir" value="D:\TAU\TAU-\lab04BoardGame\labthree"/>
    <property name="file.separator" value="\"/>
    <property name="line.separator" value="&#10;"/>
    <property name="java.vm.specification.vendor" value="Oracle Corporation"/>
    <property name="java.specification.name" value="Java Platform API Specification"/>
    <property name="java.awt.graphicsenv" value="sun.awt.Win32GraphicsEnvironment"/>
    <property name="surefire.real.class.path" value="C:\Users\ALEKSA~1\AppData\Local\Temp\surefire6834892479050071020\surefirebooter76517906359659416.jar"/>
    <property name="sun.boot.class.path" value="C:\Program Files\Java\jdk1.8.0_202\jre\lib\resources.jar;C:\Program Files\Java\jdk1.8.0_202\jre\lib\rt.jar;C:\Program Files\Java\jdk1.8.0_202\jre\lib\sunrsasign.jar;C:\Program Files\Java\jdk1.8.0_202\jre\lib\jsse.jar;C:\Program Files\Java\jdk1.8.0_202\jre\lib\jce.jar;C:\Program Files\Java\jdk1.8.0_202\jre\lib\charsets.jar;C:\Program Files\Java\jdk1.8.0_202\jre\lib\jfr.jar;C:\Program Files\Java\jdk1.8.0_202\jre\classes"/>
    <property name="user.script" value=""/>
    <property name="sun.management.compiler" value="HotSpot 64-Bit Tiered Compilers"/>
    <property name="java.runtime.version" value="1.8.0_202-b08"/>
    <property name="user.name" value="AleksanderKozyra"/>
    <property name="path.separator" value=";"/>
    <property name="os.version" value="10.0"/>
    <property name="java.endorsed.dirs" value="C:\Program Files\Java\jdk1.8.0_202\jre\lib\endorsed"/>
    <property name="java.runtime.name" value="Java(TM) SE Runtime Environment"/>
    <property name="file.encoding" value="Cp1252"/>
    <property name="java.vm.name" value="Java HotSpot(TM) 64-Bit Server VM"/>
    <property name="localRepository" value="C:\Users\AleksanderKozyra\.m2\repository"/>
    <property name="java.vendor.url.bug" value="http://bugreport.sun.com/bugreport/"/>
    <property name="java.io.tmpdir" value="C:\Users\ALEKSA~1\AppData\Local\Temp\"/>
    <property name="java.version" value="1.8.0_202"/>
    <property name="user.dir" value="D:\TAU\TAU-\lab04BoardGame\labthree"/>
    <property name="os.arch" value="amd64"/>
    <property name="java.vm.specification.name" value="Java Virtual Machine Specification"/>
    <property name="java.awt.printerjob" value="sun.awt.windows.WPrinterJob"/>
    <property name="sun.os.patch.level" value=""/>
    <property name="java.library.path" value="C:\Program Files\Java\jdk1.8.0_202\jre\bin;C:\Windows\Sun\Java\bin;C:\Windows\system32;C:\Windows;C:\ProgramData\DockerDesktop\version-bin;C:\Program Files\Docker\Docker\Resources\bin;C:\Program Files (x86)\Common Files\Oracle\Java\javapath;C:\Windows\system32;C:\Windows;C:\Windows\System32\Wbem;C:\Windows\System32\WindowsPowerShell\v1.0\;C:\Windows\System32\OpenSSH\;C:\Program Files\Git\cmd;C:\Users\AleksanderKozyra\Downloads\apache-maven-3.6.0-bin\apache-maven-3.6.0\bin;;C:\PostgreSQL\pg11\bin;C:\PostgreSQL9\pg96\bin;D:\node\;C:\Users\AleksanderKozyra\AppData\Local\Programs\Python\Python37-32\Scripts\;C:\Users\AleksanderKozyra\AppData\Local\Programs\Python\Python37-32\;C:\Users\AleksanderKozyra\AppData\Local\Microsoft\WindowsApps;D:\heroku\bin;C:\Users\AleksanderKozyra\AppData\Roaming\npm;."/>
    <property name="java.vm.info" value="mixed mode"/>
    <property name="java.vendor" value="Oracle Corporation"/>
    <property name="java.vm.version" value="25.202-b08"/>
    <property name="java.ext.dirs" value="C:\Program Files\Java\jdk1.8.0_202\jre\lib\ext;C:\Windows\Sun\Java\lib\ext"/>
    <property name="sun.io.unicode.encoding" value="UnicodeLittle"/>
    <property name="java.class.version" value="52.0"/>
  </properties>
  <testcase name="setConnectionCreatesQueriesCheck" classname="pl.tau.BoardGame.DaoTests.FigureDaoImplTest" time="0.02"/>
  <testcase name="getRPGfigureExceptionCheck" classname="pl.tau.BoardGame.DaoTests.FigureDaoImplTest" time="0.22"/>
  <testcase name="deleteRPGfigureCheck" classname="pl.tau.BoardGame.DaoTests.FigureDaoImplTest" time="0.004"/>
  <testcase name="updateRPGfigureCheck" classname="pl.tau.BoardGame.DaoTests.FigureDaoImplTest" time="0.001"/>
  <testcase name="deleteExceptionCheck" classname="pl.tau.BoardGame.DaoTests.FigureDaoImplTest" time="0.001"/>
  <testcase name="updateExceptionCheck" classname="pl.tau.BoardGame.DaoTests.FigureDaoImplTest" time="0.001"/>
  <testcase name="setConnectionCheck" classname="pl.tau.BoardGame.DaoTests.FigureDaoImplTest" time="0.003"/>
  <testcase name="addInOrderExceptionCheck" classname="pl.tau.BoardGame.DaoTests.FigureDaoImplTest" time="0"/>
  <testcase name="getRPGfigurecheck" classname="pl.tau.BoardGame.DaoTests.FigureDaoImplTest" time="0.015"/>
  <testcase name="getAllCheck" classname="pl.tau.BoardGame.DaoTests.FigureDaoImplTest" time="0.048"/>
  <testcase name="addInOrderCheck" classname="pl.tau.BoardGame.DaoTests.FigureDaoImplTest" time="0.001"/>
</testsuite>