<?xml version="1.0" encoding="UTF-8"?>
<testsuite xmlns:xsi="http://www.w3.org/2001/XMLSchema-instance" xsi:noNamespaceSchemaLocation="https://maven.apache.org/surefire/maven-surefire-plugin/xsd/surefire-test-report.xsd" name="pl.tau.BoardGame.DAO.FigureDaoTest" time="0.702" tests="4" errors="2" skipped="0" failures="1">
  <properties>
    <property name="sun.desktop" value="windows"/>
    <property name="awt.toolkit" value="sun.awt.windows.WToolkit"/>
    <property name="file.encoding.pkg" value="sun.io"/>
    <property name="java.specification.version" value="1.8"/>
    <property name="sun.cpu.isalist" value="amd64"/>
    <property name="sun.jnu.encoding" value="Cp1250"/>
    <property name="java.class.path" value="F:\TAU\TAU-\lab04BoardGame\labthree\target\test-classes;F:\TAU\TAU-\lab04BoardGame\labthree\target\classes;C:\Users\AleksanderKozyra\.m2\repository\junit\junit\4.9\junit-4.9.jar;C:\Users\AleksanderKozyra\.m2\repository\org\hamcrest\hamcrest-core\1.1\hamcrest-core-1.1.jar;C:\Users\AleksanderKozyra\.m2\repository\org\mockito\mockito-core\2.15.0\mockito-core-2.15.0.jar;C:\Users\AleksanderKozyra\.m2\repository\net\bytebuddy\byte-buddy\1.7.9\byte-buddy-1.7.9.jar;C:\Users\AleksanderKozyra\.m2\repository\net\bytebuddy\byte-buddy-agent\1.7.9\byte-buddy-agent-1.7.9.jar;C:\Users\AleksanderKozyra\.m2\repository\org\objenesis\objenesis\2.6\objenesis-2.6.jar;"/>
    <property name="java.vm.vendor" value="Oracle Corporation"/>
    <property name="sun.arch.data.model" value="64"/>
    <property name="user.variant" value=""/>
    <property name="java.vendor.url" value="http://java.oracle.com/"/>
    <property name="user.timezone" value="Europe/Belgrade"/>
    <property name="java.vm.specification.version" value="1.8"/>
    <property name="os.name" value="Windows 10"/>
    <property name="user.country" value="PL"/>
    <property name="sun.java.launcher" value="SUN_STANDARD"/>
    <property name="sun.boot.library.path" value="C:\Program Files\Java\jdk1.8.0_201\jre\bin"/>
    <property name="sun.java.command" value="C:\Users\ALEKSA~1\AppData\Local\Temp\surefire8579346625988041261\surefirebooter1835272217364741826.jar C:\Users\AleksanderKozyra\AppData\Local\Temp\surefire8579346625988041261 2019-03-21T19-05-41_726-jvmRun1 surefire2565350443794895798tmp surefire_0988903982795118871tmp"/>
    <property name="surefire.test.class.path" value="F:\TAU\TAU-\lab04BoardGame\labthree\target\test-classes;F:\TAU\TAU-\lab04BoardGame\labthree\target\classes;C:\Users\AleksanderKozyra\.m2\repository\junit\junit\4.9\junit-4.9.jar;C:\Users\AleksanderKozyra\.m2\repository\org\hamcrest\hamcrest-core\1.1\hamcrest-core-1.1.jar;C:\Users\AleksanderKozyra\.m2\repository\org\mockito\mockito-core\2.15.0\mockito-core-2.15.0.jar;C:\Users\AleksanderKozyra\.m2\repository\net\bytebuddy\byte-buddy\1.7.9\byte-buddy-1.7.9.jar;C:\Users\AleksanderKozyra\.m2\repository\net\bytebuddy\byte-buddy-agent\1.7.9\byte-buddy-agent-1.7.9.jar;C:\Users\AleksanderKozyra\.m2\repository\org\objenesis\objenesis\2.6\objenesis-2.6.jar;"/>
    <property name="sun.cpu.endian" value="little"/>
    <property name="user.home" value="C:\Users\AleksanderKozyra"/>
    <property name="user.language" value="pl"/>
    <property name="java.specification.vendor" value="Oracle Corporation"/>
    <property name="java.home" value="C:\Program Files\Java\jdk1.8.0_201\jre"/>
    <property name="basedir" value="F:\TAU\TAU-\lab04BoardGame\labthree"/>
    <property name="file.separator" value="\"/>
    <property name="line.separator" value="&#10;"/>
    <property name="java.vm.specification.vendor" value="Oracle Corporation"/>
    <property name="java.specification.name" value="Java Platform API Specification"/>
    <property name="java.awt.graphicsenv" value="sun.awt.Win32GraphicsEnvironment"/>
    <property name="surefire.real.class.path" value="C:\Users\ALEKSA~1\AppData\Local\Temp\surefire8579346625988041261\surefirebooter1835272217364741826.jar"/>
    <property name="sun.boot.class.path" value="C:\Program Files\Java\jdk1.8.0_201\jre\lib\resources.jar;C:\Program Files\Java\jdk1.8.0_201\jre\lib\rt.jar;C:\Program Files\Java\jdk1.8.0_201\jre\lib\sunrsasign.jar;C:\Program Files\Java\jdk1.8.0_201\jre\lib\jsse.jar;C:\Program Files\Java\jdk1.8.0_201\jre\lib\jce.jar;C:\Program Files\Java\jdk1.8.0_201\jre\lib\charsets.jar;C:\Program Files\Java\jdk1.8.0_201\jre\lib\jfr.jar;C:\Program Files\Java\jdk1.8.0_201\jre\classes"/>
    <property name="user.script" value=""/>
    <property name="sun.management.compiler" value="HotSpot 64-Bit Tiered Compilers"/>
    <property name="java.runtime.version" value="1.8.0_201-b09"/>
    <property name="user.name" value="AleksanderKozyra"/>
    <property name="path.separator" value=";"/>
    <property name="os.version" value="10.0"/>
    <property name="java.endorsed.dirs" value="C:\Program Files\Java\jdk1.8.0_201\jre\lib\endorsed"/>
    <property name="java.runtime.name" value="Java(TM) SE Runtime Environment"/>
    <property name="file.encoding" value="Cp1250"/>
    <property name="java.vm.name" value="Java HotSpot(TM) 64-Bit Server VM"/>
    <property name="localRepository" value="C:\Users\AleksanderKozyra\.m2\repository"/>
    <property name="java.vendor.url.bug" value="http://bugreport.sun.com/bugreport/"/>
    <property name="java.io.tmpdir" value="C:\Users\ALEKSA~1\AppData\Local\Temp\"/>
    <property name="java.version" value="1.8.0_201"/>
    <property name="user.dir" value="F:\TAU\TAU-\lab04BoardGame\labthree"/>
    <property name="os.arch" value="amd64"/>
    <property name="java.vm.specification.name" value="Java Virtual Machine Specification"/>
    <property name="java.awt.printerjob" value="sun.awt.windows.WPrinterJob"/>
    <property name="sun.os.patch.level" value=""/>
    <property name="java.library.path" value="C:\Program Files\Java\jdk1.8.0_201\jre\bin;C:\Windows\Sun\Java\bin;C:\Windows\system32;C:\Windows;C:\Program Files (x86)\Common Files\Oracle\Java\javapath;C:\Program Files\Java\jdk1.8.0_201\bin;C:\Windows\system32;C:\Windows;C:\Windows\System32\Wbem;C:\Windows\System32\WindowsPowerShell\v1.0\;C:\Windows\System32\OpenSSH\;C:\Program Files (x86)\NVIDIA Corporation\PhysX\Common;F:\Webowka\command;F:\Mavenm\apache-maven-3.5.4\bin;F:\Git\cmd;F:\Git\mingw64\bin;F:\Git\usr\bin;F:\Nodejs\;C:\Program Files\NVIDIA Corporation\NVIDIA NvDLISR;F:\PostgreSQL\pg11\bin;F:\Python\Scripts\;F:\Python\;C:\Users\AleksanderKozyra\AppData\Local\Microsoft\WindowsApps;F:\gcloud\google-cloud-sdk\bin;C:\Users\AleksanderKozyra\AppData\Local\atom\bin;C:\Users\AleksanderKozyra\AppData\Roaming\npm;F:\VS_Code\Microsoft VS Code\bin;."/>
    <property name="java.vm.info" value="mixed mode"/>
    <property name="java.vendor" value="Oracle Corporation"/>
    <property name="java.vm.version" value="25.201-b09"/>
    <property name="java.ext.dirs" value="C:\Program Files\Java\jdk1.8.0_201\jre\lib\ext;C:\Windows\Sun\Java\lib\ext"/>
    <property name="sun.io.unicode.encoding" value="UnicodeLittle"/>
    <property name="java.class.version" value="52.0"/>
  </properties>
  <testcase name="setConnectionCreatesQueriesCheck" classname="pl.tau.BoardGame.DAO.FigureDaoTest" time="0.021">
    <failure message="&#10;Argument(s) are different! Wanted:&#10;connection.prepareStatement(&#10;    &quot;SELECT id, name, hp FROM Person ORDER BY id&quot;&#10;);&#10;-&gt; at pl.tau.BoardGame.DAO.FigureDaoTest.setConnectionCreatesQueriesCheck(FigureDaoTest.java:94)&#10;Actual invocation has different arguments:&#10;connection.prepareStatement(&#10;    &quot;DELETE FROM RPGfigure where id = ?&quot;&#10;);&#10;-&gt; at pl.tau.BoardGame.DAO.FigureDao.setConnection(FigureDao.java:82)&#10;" type="org.mockito.exceptions.verification.junit.ArgumentsAreDifferent">org.mockito.exceptions.verification.junit.ArgumentsAreDifferent: 

Argument(s) are different! Wanted:
connection.prepareStatement(
    "SELECT id, name, hp FROM Person ORDER BY id"
);
-> at pl.tau.BoardGame.DAO.FigureDaoTest.setConnectionCreatesQueriesCheck(FigureDaoTest.java:94)
Actual invocation has different arguments:
connection.prepareStatement(
    "DELETE FROM RPGfigure where id = ?"
);
-> at pl.tau.BoardGame.DAO.FigureDao.setConnection(FigureDao.java:82)

	at pl.tau.BoardGame.DAO.FigureDaoTest.setConnectionCreatesQueriesCheck(FigureDaoTest.java:94)
</failure>
  </testcase>
  <testcase name="setConnectionCheck" classname="pl.tau.BoardGame.DAO.FigureDaoTest" time="0"/>
  <testcase name="addCheck" classname="pl.tau.BoardGame.DAO.FigureDaoTest" time="0">
    <error type="java.lang.NullPointerException">java.lang.NullPointerException
	at pl.tau.BoardGame.DAO.FigureDaoTest.addCheck(FigureDaoTest.java:109)
</error>
    <system-out><![CDATA[[MockitoHint] FigureDaoTest.setConnectionCheck (see javadoc for MockitoHint):
[MockitoHint] 1. Unused... -> at pl.tau.BoardGame.DAO.FigureDaoTest.setup(FigureDaoTest.java:79)
[MockitoHint]  ...args ok? -> at pl.tau.BoardGame.DAO.FigureDao.setConnection(FigureDao.java:79)
[MockitoHint]  ...args ok? -> at pl.tau.BoardGame.DAO.FigureDao.setConnection(FigureDao.java:82)
[MockitoHint]  ...args ok? -> at pl.tau.BoardGame.DAO.FigureDao.setConnection(FigureDao.java:84)
[MockitoHint]  ...args ok? -> at pl.tau.BoardGame.DAO.FigureDao.setConnection(FigureDao.java:85)

]]></system-out>
  </testcase>
  <testcase name="getAllCheck" classname="pl.tau.BoardGame.DAO.FigureDaoTest" time="0.13">
    <error type="java.lang.NullPointerException">java.lang.NullPointerException
	at pl.tau.BoardGame.DAO.FigureDaoTest.getAllCheck(FigureDaoTest.java:129)
</error>
    <system-out><![CDATA[[MockitoHint] FigureDaoTest.addCheck (see javadoc for MockitoHint):
[MockitoHint] 1. Unused... -> at pl.tau.BoardGame.DAO.FigureDaoTest.setup(FigureDaoTest.java:79)
[MockitoHint]  ...args ok? -> at pl.tau.BoardGame.DAO.FigureDao.setConnection(FigureDao.java:79)
[MockitoHint]  ...args ok? -> at pl.tau.BoardGame.DAO.FigureDao.setConnection(FigureDao.java:82)
[MockitoHint]  ...args ok? -> at pl.tau.BoardGame.DAO.FigureDao.setConnection(FigureDao.java:84)
[MockitoHint]  ...args ok? -> at pl.tau.BoardGame.DAO.FigureDao.setConnection(FigureDao.java:85)

]]></system-out>
  </testcase>
</testsuite>